********************************************************************************
DUPLICATOR-LITE PACKAGE-LOG: May 9, 2024 10:35 am
NOTICE: Do NOT post to public sites or forums 
********************************************************************************
VERSION:	1.5.9
WORDPRESS:	6.5.3
PHP INFO:	8.2.12 | SAPI: apache2handler
SERVER:		Apache/2.4.58 (Win64) OpenSSL/3.1.3 PHP/8.2.12 
PHP TIME LIMIT: (0) no time limit imposed 
PHP MAX MEMORY: 4294967296 (512M default) 
MEMORY STACK: 52MB
[CTRL DUP ARCIVE] PACKAGE AS NEW ID 1 SAVED | STATUS:0
[DUP ARCHIVE] BUILDING DATABASE

********************************************************************************
DATABASE:
********************************************************************************
BUILD MODE:   MYSQLDUMP
MYSQLTIMEOUT: 5000
MYSQLDUMP:    Is Supported
SQL CREATED: 20240509_blogwebsite_77ba13ed15269dc27529_20240509103454_database.sql
SQL FILE SIZE: 4.67MB (4901281)
SQL FILE TIME: 2024-05-09 10:35:12
SQL RUNTIME: 1.12 sec.
[DUP ARCHIVE] VALIDATING DATABASE
[DUP ARCHIVE] DONE DATABASE

********************************************************************************
ARCHIVE Type=DUP Mode=DupArchive
********************************************************************************
ARCHIVE DIR:  C:/xampp/htdocs/blogwebsite
ARCHIVE FILE: 20240509_blogwebsite_77ba13ed15269dc27529_20240509103454_archive.daf
FILTERS: *OFF*
DIRS:
	not set
FILES:
	not set
EXTS:  not set
----------------------------------------
COMPRESSING
SIZE:	167.44MB
STATS:	Dirs 1,365 | Files 10,717 | Total 12,082
[DUP ARCHIVE] DONE ARCHIVE
[DUP ARCHIVE] DONE ARCHIVE
[DUP ARCHIVE] DONE ARCHIVE
[DUP ARCHIVE] DONE ARCHIVE
[DUP ARCHIVE] DONE ARCHIVE
[DUP ARCHIVE] DONE ARCHIVE
[DUP ARCHIVE] DONE ARCHIVE
[DUP ARCHIVE] DONE ARCHIVE
building installer
[DUP ARCHIVE] DONE ARCHIVE
COMPRESSED SIZE: 90.25MB
ARCHIVE RUNTIME: 76.69 sec.
MEMORY STACK: 58MB
CREATE WARNINGS: No warnings.
VALIDATION WARNINGS: No warnings.
[DUP ARCHIVE] DONE ARCHIVE
[DUP ARCHIVE] HAS COMPLETED CLOSING
[DUP ARCHIVE] DUP ARCHIVE INTEGRITY CHECK

********************************************************************************
INTEGRITY CHECKS:
********************************************************************************
SQL FILE: 4.67MB
INSTALLER FILE: 94.81KB
ARCHIVE FILE: 90.25MB 
EXPECTED FILE/DIRECTORY COUNT: 12,821
ACTUAL FILE/DIRECTORY COUNT: 12,822

********************************************************************************
RECORD ID:[1]
TOTAL PROCESS RUNTIME: 76.70 sec.
PEAK PHP MEMORY USED: 58MB
DONE PROCESSING => 20240509_blogwebsite 2024-05-09 10:36:27

